2021-12-10 17:10:15,323 INFO  org.apache.flink.runtime.entrypoint.ClusterEntrypoint        [] - --------------------------------------------------------------------------------
2021-12-10 17:10:15,324 INFO  org.apache.flink.runtime.entrypoint.ClusterEntrypoint        [] -  Preconfiguration: 
2021-12-10 17:10:15,324 INFO  org.apache.flink.runtime.entrypoint.ClusterEntrypoint        [] - 


RESOURCE_PARAMS extraction logs:
jvm_params: -Xmx15703474176 -Xms15703474176 -XX:MaxMetaspaceSize=268435456
dynamic_configs: -D jobmanager.memory.off-heap.size=134217728b -D jobmanager.memory.jvm-overhead.min=1073741824b -D jobmanager.memory.jvm-metaspace.size=268435456b -D jobmanager.memory.heap.size=15703474176b -D jobmanager.memory.jvm-overhead.max=1073741824b
logs: WARNING: sun.reflect.Reflection.getCallerClass is not supported. This will impact performance.
INFO  [] - Loading configuration property: jobmanager.rpc.address, 192.168.99.28
INFO  [] - Loading configuration property: jobmanager.rpc.port, 6123
INFO  [] - Loading configuration property: jobmanager.memory.process.size, 16g
INFO  [] - Loading configuration property: taskmanager.memory.process.size, 32g
INFO  [] - Loading configuration property: taskmanager.numberOfTaskSlots, 1
INFO  [] - Loading configuration property: parallelism.default, 1
INFO  [] - Loading configuration property: env.java.opts, -Djava.library.path=/usr/local/cuda/bin:/usr/local/cuda/lib64:/home/yy354/tensorflow/bazel-bin/tensorflow:/home/yy354/tensorflow/bazel-bin/tensorflow/java
INFO  [] - Loading configuration property: execution.batch-shuffle-mode, ALL_EXCHANGES_PIPELINED
INFO  [] - Loading configuration property: execution.buffer-timeout, 0
INFO  [] - Loading configuration property: jobmanager.execution.failover-strategy, region
INFO  [] - Loading configuration property: cluster.fine-grained-resource-management.enabled, true
INFO  [] - Loading configuration property: external-resources, src; filter; compute; sink
INFO  [] - Loading configuration property: external-resource.src.driver-factory.class, edu.cornell.cs.cascade.externalresource.src.SRCDriverFactory
INFO  [] - Loading configuration property: external-resource.src.amount, 1
INFO  [] - Loading configuration property: external-resource.filter.driver-factory.class, edu.cornell.cs.cascade.externalresource.filter.FILTERDriverFactory
INFO  [] - Loading configuration property: external-resource.filter.amount, 0
INFO  [] - Loading configuration property: external-resource.compute.driver-factory.class, edu.cornell.cs.cascade.externalresource.compute.COMPUTEDriverFactory
INFO  [] - Loading configuration property: external-resource.compute.amount, 0
INFO  [] - Loading configuration property: external-resource.sink.driver-factory.class, edu.cornell.cs.cascade.externalresource.sink.SINKDriverFactory
INFO  [] - Loading configuration property: external-resource.sink.amount, 0
INFO  [] - The derived from fraction jvm overhead memory (1.600gb (1717986944 bytes)) is greater than its max value 1024.000mb (1073741824 bytes), max value will be used instead
INFO  [] - Final Master Memory configuration:
INFO  [] -   Total Process Memory: 16.000gb (17179869184 bytes)
INFO  [] -     Total Flink Memory: 14.750gb (15837691904 bytes)
INFO  [] -       JVM Heap:         14.625gb (15703474176 bytes)
INFO  [] -       Off-heap:         128.000mb (134217728 bytes)
INFO  [] -     JVM Metaspace:      256.000mb (268435456 bytes)
INFO  [] -     JVM Overhead:       1024.000mb (1073741824 bytes)

2021-12-10 17:10:15,325 INFO  org.apache.flink.runtime.entrypoint.ClusterEntrypoint        [] - --------------------------------------------------------------------------------
2021-12-10 17:10:15,325 INFO  org.apache.flink.runtime.entrypoint.ClusterEntrypoint        [] -  Starting StandaloneSessionClusterEntrypoint (Version: 1.14.0, Scala: 2.11, Rev:460b386, Date:2021-09-22T08:39:40+02:00)
2021-12-10 17:10:15,325 INFO  org.apache.flink.runtime.entrypoint.ClusterEntrypoint        [] -  OS current user: yy354
2021-12-10 17:10:15,325 INFO  org.apache.flink.runtime.entrypoint.ClusterEntrypoint        [] -  Current Hadoop/Kerberos user: <no hadoop dependency found>
2021-12-10 17:10:15,325 INFO  org.apache.flink.runtime.entrypoint.ClusterEntrypoint        [] -  JVM: OpenJDK 64-Bit Server VM - Ubuntu - 11/11.0.11+9-Ubuntu-0ubuntu2.18.04
2021-12-10 17:10:15,325 INFO  org.apache.flink.runtime.entrypoint.ClusterEntrypoint        [] -  Maximum heap size: 14976 MiBytes
2021-12-10 17:10:15,325 INFO  org.apache.flink.runtime.entrypoint.ClusterEntrypoint        [] -  JAVA_HOME: (not set)
2021-12-10 17:10:15,325 INFO  org.apache.flink.runtime.entrypoint.ClusterEntrypoint        [] -  No Hadoop Dependency available
2021-12-10 17:10:15,325 INFO  org.apache.flink.runtime.entrypoint.ClusterEntrypoint        [] -  JVM Options:
2021-12-10 17:10:15,326 INFO  org.apache.flink.runtime.entrypoint.ClusterEntrypoint        [] -     -Xmx15703474176
2021-12-10 17:10:15,326 INFO  org.apache.flink.runtime.entrypoint.ClusterEntrypoint        [] -     -Xms15703474176
2021-12-10 17:10:15,326 INFO  org.apache.flink.runtime.entrypoint.ClusterEntrypoint        [] -     -XX:MaxMetaspaceSize=268435456
2021-12-10 17:10:15,326 INFO  org.apache.flink.runtime.entrypoint.ClusterEntrypoint        [] -     -Djava.library.path=/usr/local/cuda/bin:/usr/local/cuda/lib64:/home/yy354/tensorflow/bazel-bin/tensorflow:/home/yy354/tensorflow/bazel-bin/tensorflow/java
2021-12-10 17:10:15,326 INFO  org.apache.flink.runtime.entrypoint.ClusterEntrypoint        [] -     -Dlog.file=/home/yy354/flink-1.14.0/log/flink-yy354-standalonesession-0-compute28.log
2021-12-10 17:10:15,326 INFO  org.apache.flink.runtime.entrypoint.ClusterEntrypoint        [] -     -Dlog4j.configuration=file:/home/yy354/flink-1.14.0/conf/log4j.properties
2021-12-10 17:10:15,326 INFO  org.apache.flink.runtime.entrypoint.ClusterEntrypoint        [] -     -Dlog4j.configurationFile=file:/home/yy354/flink-1.14.0/conf/log4j.properties
2021-12-10 17:10:15,326 INFO  org.apache.flink.runtime.entrypoint.ClusterEntrypoint        [] -     -Dlogback.configurationFile=file:/home/yy354/flink-1.14.0/conf/logback.xml
2021-12-10 17:10:15,326 INFO  org.apache.flink.runtime.entrypoint.ClusterEntrypoint        [] -  Program Arguments:
2021-12-10 17:10:15,327 INFO  org.apache.flink.runtime.entrypoint.ClusterEntrypoint        [] -     --configDir
2021-12-10 17:10:15,327 INFO  org.apache.flink.runtime.entrypoint.ClusterEntrypoint        [] -     /home/yy354/flink-1.14.0/conf
2021-12-10 17:10:15,327 INFO  org.apache.flink.runtime.entrypoint.ClusterEntrypoint        [] -     --executionMode
2021-12-10 17:10:15,327 INFO  org.apache.flink.runtime.entrypoint.ClusterEntrypoint        [] -     cluster
2021-12-10 17:10:15,327 INFO  org.apache.flink.runtime.entrypoint.ClusterEntrypoint        [] -     -D
2021-12-10 17:10:15,327 INFO  org.apache.flink.runtime.entrypoint.ClusterEntrypoint        [] -     jobmanager.memory.off-heap.size=134217728b
2021-12-10 17:10:15,327 INFO  org.apache.flink.runtime.entrypoint.ClusterEntrypoint        [] -     -D
2021-12-10 17:10:15,327 INFO  org.apache.flink.runtime.entrypoint.ClusterEntrypoint        [] -     jobmanager.memory.jvm-overhead.min=1073741824b
2021-12-10 17:10:15,327 INFO  org.apache.flink.runtime.entrypoint.ClusterEntrypoint        [] -     -D
2021-12-10 17:10:15,327 INFO  org.apache.flink.runtime.entrypoint.ClusterEntrypoint        [] -     jobmanager.memory.jvm-metaspace.size=268435456b
2021-12-10 17:10:15,327 INFO  org.apache.flink.runtime.entrypoint.ClusterEntrypoint        [] -     -D
2021-12-10 17:10:15,327 INFO  org.apache.flink.runtime.entrypoint.ClusterEntrypoint        [] -     jobmanager.memory.heap.size=15703474176b
2021-12-10 17:10:15,327 INFO  org.apache.flink.runtime.entrypoint.ClusterEntrypoint        [] -     -D
2021-12-10 17:10:15,327 INFO  org.apache.flink.runtime.entrypoint.ClusterEntrypoint        [] -     jobmanager.memory.jvm-overhead.max=1073741824b
2021-12-10 17:10:15,327 INFO  org.apache.flink.runtime.entrypoint.ClusterEntrypoint        [] -  Classpath: /home/yy354/flink-1.14.0/lib/flink-csv-1.14.0.jar:/home/yy354/flink-1.14.0/lib/flink-json-1.14.0.jar:/home/yy354/flink-1.14.0/lib/flink-rpc-akka.jar:/home/yy354/flink-1.14.0/lib/flink-shaded-zookeeper-3.4.14.jar:/home/yy354/flink-1.14.0/lib/flink-table_2.11-1.14.0.jar:/home/yy354/flink-1.14.0/lib/libtensorflow.jar:/home/yy354/flink-1.14.0/lib/log4j-1.2-api-2.14.1.jar:/home/yy354/flink-1.14.0/lib/log4j-api-2.14.1.jar:/home/yy354/flink-1.14.0/lib/log4j-core-2.14.1.jar:/home/yy354/flink-1.14.0/lib/log4j-slf4j-impl-2.14.1.jar:/home/yy354/flink-1.14.0/lib/proto-1.15.0.jar:/home/yy354/flink-1.14.0/lib/protobuf-java-3.5.1.jar:/home/yy354/flink-1.14.0/lib/flink-dist_2.11-1.14.0.jar:::
2021-12-10 17:10:15,328 INFO  org.apache.flink.runtime.entrypoint.ClusterEntrypoint        [] - --------------------------------------------------------------------------------
2021-12-10 17:10:15,328 INFO  org.apache.flink.runtime.entrypoint.ClusterEntrypoint        [] - Registered UNIX signal handlers for [TERM, HUP, INT]
2021-12-10 17:10:15,337 INFO  org.apache.flink.configuration.GlobalConfiguration           [] - Loading configuration property: jobmanager.rpc.address, 192.168.99.28
2021-12-10 17:10:15,337 INFO  org.apache.flink.configuration.GlobalConfiguration           [] - Loading configuration property: jobmanager.rpc.port, 6123
2021-12-10 17:10:15,337 INFO  org.apache.flink.configuration.GlobalConfiguration           [] - Loading configuration property: jobmanager.memory.process.size, 16g
2021-12-10 17:10:15,337 INFO  org.apache.flink.configuration.GlobalConfiguration           [] - Loading configuration property: taskmanager.memory.process.size, 32g
2021-12-10 17:10:15,338 INFO  org.apache.flink.configuration.GlobalConfiguration           [] - Loading configuration property: taskmanager.numberOfTaskSlots, 1
2021-12-10 17:10:15,338 INFO  org.apache.flink.configuration.GlobalConfiguration           [] - Loading configuration property: parallelism.default, 1
2021-12-10 17:10:15,338 INFO  org.apache.flink.configuration.GlobalConfiguration           [] - Loading configuration property: env.java.opts, -Djava.library.path=/usr/local/cuda/bin:/usr/local/cuda/lib64:/home/yy354/tensorflow/bazel-bin/tensorflow:/home/yy354/tensorflow/bazel-bin/tensorflow/java
2021-12-10 17:10:15,338 INFO  org.apache.flink.configuration.GlobalConfiguration           [] - Loading configuration property: execution.batch-shuffle-mode, ALL_EXCHANGES_PIPELINED
2021-12-10 17:10:15,338 INFO  org.apache.flink.configuration.GlobalConfiguration           [] - Loading configuration property: execution.buffer-timeout, 0
2021-12-10 17:10:15,338 INFO  org.apache.flink.configuration.GlobalConfiguration           [] - Loading configuration property: jobmanager.execution.failover-strategy, region
2021-12-10 17:10:15,339 INFO  org.apache.flink.configuration.GlobalConfiguration           [] - Loading configuration property: cluster.fine-grained-resource-management.enabled, true
2021-12-10 17:10:15,339 INFO  org.apache.flink.configuration.GlobalConfiguration           [] - Loading configuration property: external-resources, src; filter; compute; sink
2021-12-10 17:10:15,339 INFO  org.apache.flink.configuration.GlobalConfiguration           [] - Loading configuration property: external-resource.src.driver-factory.class, edu.cornell.cs.cascade.externalresource.src.SRCDriverFactory
2021-12-10 17:10:15,339 INFO  org.apache.flink.configuration.GlobalConfiguration           [] - Loading configuration property: external-resource.src.amount, 1
2021-12-10 17:10:15,339 INFO  org.apache.flink.configuration.GlobalConfiguration           [] - Loading configuration property: external-resource.filter.driver-factory.class, edu.cornell.cs.cascade.externalresource.filter.FILTERDriverFactory
2021-12-10 17:10:15,339 INFO  org.apache.flink.configuration.GlobalConfiguration           [] - Loading configuration property: external-resource.filter.amount, 0
2021-12-10 17:10:15,339 INFO  org.apache.flink.configuration.GlobalConfiguration           [] - Loading configuration property: external-resource.compute.driver-factory.class, edu.cornell.cs.cascade.externalresource.compute.COMPUTEDriverFactory
2021-12-10 17:10:15,339 INFO  org.apache.flink.configuration.GlobalConfiguration           [] - Loading configuration property: external-resource.compute.amount, 0
2021-12-10 17:10:15,340 INFO  org.apache.flink.configuration.GlobalConfiguration           [] - Loading configuration property: external-resource.sink.driver-factory.class, edu.cornell.cs.cascade.externalresource.sink.SINKDriverFactory
2021-12-10 17:10:15,340 INFO  org.apache.flink.configuration.GlobalConfiguration           [] - Loading configuration property: external-resource.sink.amount, 0
2021-12-10 17:10:15,355 INFO  org.apache.flink.runtime.entrypoint.ClusterEntrypoint        [] - Starting StandaloneSessionClusterEntrypoint.
2021-12-10 17:10:15,382 INFO  org.apache.flink.runtime.entrypoint.ClusterEntrypoint        [] - Install default filesystem.
2021-12-10 17:10:15,384 INFO  org.apache.flink.core.fs.FileSystem                          [] - Hadoop is not in the classpath/dependencies. The extended set of supported File Systems via Hadoop is not available.
2021-12-10 17:10:15,410 INFO  org.apache.flink.runtime.entrypoint.ClusterEntrypoint        [] - Install security context.
2021-12-10 17:10:15,417 INFO  org.apache.flink.runtime.security.modules.HadoopModuleFactory [] - Cannot create Hadoop Security Module because Hadoop cannot be found in the Classpath.
2021-12-10 17:10:15,420 INFO  org.apache.flink.runtime.security.modules.JaasModule         [] - Jaas file will be created as /tmp/jaas-9734515163480605814.conf.
2021-12-10 17:10:15,425 INFO  org.apache.flink.runtime.security.contexts.HadoopSecurityContextFactory [] - Cannot install HadoopSecurityContext because Hadoop cannot be found in the Classpath.
2021-12-10 17:10:15,426 INFO  org.apache.flink.runtime.entrypoint.ClusterEntrypoint        [] - Initializing cluster services.
2021-12-10 17:10:15,706 INFO  org.apache.flink.runtime.rpc.akka.AkkaRpcServiceUtils        [] - Trying to start actor system, external address 192.168.99.28:6123, bind address 0.0.0.0:6123.
2021-12-10 17:10:16,266 INFO  akka.event.slf4j.Slf4jLogger                                 [] - Slf4jLogger started
2021-12-10 17:10:16,294 INFO  akka.remote.RemoteActorRefProvider                           [] - Akka Cluster not in use - enabling unsafe features anyway because `akka.remote.use-unsafe-remote-features-outside-cluster` has been enabled.
2021-12-10 17:10:16,295 INFO  akka.remote.Remoting                                         [] - Starting remoting
2021-12-10 17:10:16,430 INFO  akka.remote.Remoting                                         [] - Remoting started; listening on addresses :[akka.tcp://flink@192.168.99.28:6123]
2021-12-10 17:10:16,537 INFO  org.apache.flink.runtime.rpc.akka.AkkaRpcServiceUtils        [] - Actor system started at akka.tcp://flink@192.168.99.28:6123
2021-12-10 17:10:16,558 INFO  org.apache.flink.configuration.Configuration                 [] - Config uses fallback configuration key 'jobmanager.rpc.address' instead of key 'rest.address'
2021-12-10 17:10:16,562 INFO  org.apache.flink.runtime.blob.BlobServer                     [] - Created BLOB server storage directory /tmp/blobStore-af6f3808-ce3c-48d1-be6c-98691a7ac312
2021-12-10 17:10:16,564 INFO  org.apache.flink.runtime.blob.BlobServer                     [] - Started BLOB server at 0.0.0.0:36113 - max concurrent requests: 50 - max backlog: 1000
2021-12-10 17:10:16,571 INFO  org.apache.flink.runtime.metrics.MetricRegistryImpl          [] - No metrics reporter configured, no metrics will be exposed/reported.
2021-12-10 17:10:16,573 INFO  org.apache.flink.runtime.rpc.akka.AkkaRpcServiceUtils        [] - Trying to start actor system, external address 192.168.99.28:0, bind address 0.0.0.0:0.
2021-12-10 17:10:16,587 INFO  akka.event.slf4j.Slf4jLogger                                 [] - Slf4jLogger started
2021-12-10 17:10:16,591 INFO  akka.remote.RemoteActorRefProvider                           [] - Akka Cluster not in use - enabling unsafe features anyway because `akka.remote.use-unsafe-remote-features-outside-cluster` has been enabled.
2021-12-10 17:10:16,591 INFO  akka.remote.Remoting                                         [] - Starting remoting
2021-12-10 17:10:16,603 INFO  akka.remote.Remoting                                         [] - Remoting started; listening on addresses :[akka.tcp://flink-metrics@192.168.99.28:40751]
2021-12-10 17:10:16,612 INFO  org.apache.flink.runtime.rpc.akka.AkkaRpcServiceUtils        [] - Actor system started at akka.tcp://flink-metrics@192.168.99.28:40751
2021-12-10 17:10:16,623 INFO  org.apache.flink.runtime.rpc.akka.AkkaRpcService             [] - Starting RPC endpoint for org.apache.flink.runtime.metrics.dump.MetricQueryService at akka://flink-metrics/user/rpc/MetricQueryService .
2021-12-10 17:10:16,637 INFO  org.apache.flink.runtime.dispatcher.FileExecutionGraphInfoStore [] - Initializing FileExecutionGraphInfoStore: Storage directory /tmp/executionGraphStore-ef76f850-b98f-4971-8f7c-fe2924341831, expiration time 3600000, maximum cache size 52428800 bytes.
2021-12-10 17:10:16,666 INFO  org.apache.flink.configuration.Configuration                 [] - Config uses fallback configuration key 'jobmanager.rpc.address' instead of key 'rest.address'
2021-12-10 17:10:16,666 INFO  org.apache.flink.runtime.dispatcher.DispatcherRestEndpoint   [] - Upload directory /tmp/flink-web-fc98e218-e96c-4cb2-b9ca-259647fbc9b0/flink-web-upload does not exist. 
2021-12-10 17:10:16,667 INFO  org.apache.flink.runtime.dispatcher.DispatcherRestEndpoint   [] - Created directory /tmp/flink-web-fc98e218-e96c-4cb2-b9ca-259647fbc9b0/flink-web-upload for file uploads.
2021-12-10 17:10:16,668 INFO  org.apache.flink.runtime.dispatcher.DispatcherRestEndpoint   [] - Starting rest endpoint.
2021-12-10 17:10:16,839 INFO  org.apache.flink.runtime.webmonitor.WebMonitorUtils          [] - Determined location of main cluster component log file: /home/yy354/flink-1.14.0/log/flink-yy354-standalonesession-0-compute28.log
2021-12-10 17:10:16,839 INFO  org.apache.flink.runtime.webmonitor.WebMonitorUtils          [] - Determined location of main cluster component stdout file: /home/yy354/flink-1.14.0/log/flink-yy354-standalonesession-0-compute28.out
2021-12-10 17:10:17,018 INFO  org.apache.flink.runtime.dispatcher.DispatcherRestEndpoint   [] - Rest endpoint listening at 192.168.99.28:8081
2021-12-10 17:10:17,019 INFO  org.apache.flink.runtime.dispatcher.DispatcherRestEndpoint   [] - http://192.168.99.28:8081 was granted leadership with leaderSessionID=00000000-0000-0000-0000-000000000000
2021-12-10 17:10:17,020 INFO  org.apache.flink.runtime.dispatcher.DispatcherRestEndpoint   [] - Web frontend listening at http://192.168.99.28:8081.
2021-12-10 17:10:17,035 INFO  org.apache.flink.runtime.dispatcher.runner.DefaultDispatcherRunner [] - DefaultDispatcherRunner was granted leadership with leader id 00000000-0000-0000-0000-000000000000. Creating new DispatcherLeaderProcess.
2021-12-10 17:10:17,039 INFO  org.apache.flink.runtime.dispatcher.runner.SessionDispatcherLeaderProcess [] - Start SessionDispatcherLeaderProcess.
2021-12-10 17:10:17,040 INFO  org.apache.flink.runtime.resourcemanager.ResourceManagerServiceImpl [] - Starting resource manager service.
2021-12-10 17:10:17,040 INFO  org.apache.flink.runtime.dispatcher.runner.SessionDispatcherLeaderProcess [] - Recover all persisted job graphs.
2021-12-10 17:10:17,041 INFO  org.apache.flink.runtime.dispatcher.runner.SessionDispatcherLeaderProcess [] - Successfully recovered 0 persisted job graphs.
2021-12-10 17:10:17,041 INFO  org.apache.flink.runtime.resourcemanager.ResourceManagerServiceImpl [] - Resource manager service is granted leadership with session id 00000000-0000-0000-0000-000000000000.
2021-12-10 17:10:17,050 INFO  org.apache.flink.runtime.rpc.akka.AkkaRpcService             [] - Starting RPC endpoint for org.apache.flink.runtime.dispatcher.StandaloneDispatcher at akka://flink/user/rpc/dispatcher_0 .
2021-12-10 17:10:17,062 INFO  org.apache.flink.runtime.rpc.akka.AkkaRpcService             [] - Starting RPC endpoint for org.apache.flink.runtime.resourcemanager.StandaloneResourceManager at akka://flink/user/rpc/resourcemanager_1 .
2021-12-10 17:10:17,068 INFO  org.apache.flink.runtime.resourcemanager.StandaloneResourceManager [] - Starting the resource manager.
2021-12-10 17:10:17,073 INFO  org.apache.flink.runtime.resourcemanager.slotmanager.FineGrainedSlotManager [] - Starting the slot manager.
2021-12-10 17:10:19,053 INFO  org.apache.flink.runtime.resourcemanager.StandaloneResourceManager [] - Registering TaskManager with ResourceID 128.84.139.24:41649-a52b2e (akka.tcp://flink@128.84.139.24:41649/user/rpc/taskmanager_0) at ResourceManager
2021-12-10 17:10:19,087 INFO  org.apache.flink.runtime.resourcemanager.slotmanager.FineGrainedSlotManager [] - Registering task executor 128.84.139.24:41649-a52b2e under f95dfafd1f49a821fda1eb96dd5a916d at the slot manager.
2021-12-10 17:10:21,656 INFO  org.apache.flink.runtime.resourcemanager.StandaloneResourceManager [] - Registering TaskManager with ResourceID 192.168.99.29:36579-dd9b60 (akka.tcp://flink@192.168.99.29:36579/user/rpc/taskmanager_0) at ResourceManager
2021-12-10 17:10:21,684 INFO  org.apache.flink.runtime.resourcemanager.slotmanager.FineGrainedSlotManager [] - Registering task executor 192.168.99.29:36579-dd9b60 under 8771785ba0fbfd5bb32e2eb32e1cc433 at the slot manager.
2021-12-10 17:10:23,124 INFO  org.apache.flink.runtime.resourcemanager.StandaloneResourceManager [] - Registering TaskManager with ResourceID 192.168.99.30:44477-204d14 (akka.tcp://flink@192.168.99.30:44477/user/rpc/taskmanager_0) at ResourceManager
2021-12-10 17:10:23,147 INFO  org.apache.flink.runtime.resourcemanager.slotmanager.FineGrainedSlotManager [] - Registering task executor 192.168.99.30:44477-204d14 under eb0678141d370e542c5d43d62ab15e64 at the slot manager.
2021-12-10 17:10:24,599 INFO  org.apache.flink.runtime.resourcemanager.StandaloneResourceManager [] - Registering TaskManager with ResourceID 192.168.99.31:42291-1539d5 (akka.tcp://flink@192.168.99.31:42291/user/rpc/taskmanager_0) at ResourceManager
2021-12-10 17:10:24,624 INFO  org.apache.flink.runtime.resourcemanager.slotmanager.FineGrainedSlotManager [] - Registering task executor 192.168.99.31:42291-1539d5 under 47ac80b3671d76a94544567e21e5e5d4 at the slot manager.
2021-12-10 17:10:32,077 INFO  org.apache.flink.runtime.dispatcher.StandaloneDispatcher     [] - Received JobGraph submission 'Dairy Pipeline' (616ae6f801bee840f0392eeca48b3d54).
2021-12-10 17:10:32,078 INFO  org.apache.flink.runtime.dispatcher.StandaloneDispatcher     [] - Submitting job 'Dairy Pipeline' (616ae6f801bee840f0392eeca48b3d54).
2021-12-10 17:10:32,105 INFO  org.apache.flink.runtime.rpc.akka.AkkaRpcService             [] - Starting RPC endpoint for org.apache.flink.runtime.jobmaster.JobMaster at akka://flink/user/rpc/jobmanager_2 .
2021-12-10 17:10:32,114 INFO  org.apache.flink.runtime.jobmaster.JobMaster                 [] - Initializing job 'Dairy Pipeline' (616ae6f801bee840f0392eeca48b3d54).
2021-12-10 17:10:32,131 INFO  org.apache.flink.runtime.jobmaster.JobMaster                 [] - Using restart back off time strategy NoRestartBackoffTimeStrategy for Dairy Pipeline (616ae6f801bee840f0392eeca48b3d54).
2021-12-10 17:10:32,153 INFO  org.apache.flink.runtime.jobmaster.JobMaster                 [] - Running initialization on master for job Dairy Pipeline (616ae6f801bee840f0392eeca48b3d54).
2021-12-10 17:10:32,153 INFO  org.apache.flink.runtime.jobmaster.JobMaster                 [] - Successfully ran initialization on master in 0 ms.
2021-12-10 17:10:32,168 INFO  org.apache.flink.runtime.scheduler.adapter.DefaultExecutionTopology [] - Built 1 pipelined regions in 1 ms
2021-12-10 17:10:32,188 INFO  org.apache.flink.runtime.jobmaster.JobMaster                 [] - No state backend has been configured, using default (HashMap) org.apache.flink.runtime.state.hashmap.HashMapStateBackend@5fb241ff
2021-12-10 17:10:32,189 INFO  org.apache.flink.runtime.state.StateBackendLoader            [] - State backend loader loads the state backend as HashMapStateBackend
2021-12-10 17:10:32,190 INFO  org.apache.flink.runtime.jobmaster.JobMaster                 [] - Checkpoint storage is set to 'jobmanager'
2021-12-10 17:10:32,201 INFO  org.apache.flink.runtime.checkpoint.CheckpointCoordinator    [] - No checkpoint found during restore.
2021-12-10 17:10:32,205 INFO  org.apache.flink.runtime.jobmaster.JobMaster                 [] - Using failover strategy org.apache.flink.runtime.executiongraph.failover.flip1.RestartPipelinedRegionFailoverStrategy@4cd041c5 for Dairy Pipeline (616ae6f801bee840f0392eeca48b3d54).
2021-12-10 17:10:32,219 INFO  org.apache.flink.runtime.jobmaster.JobMaster                 [] - Starting execution of job 'Dairy Pipeline' (616ae6f801bee840f0392eeca48b3d54) under job master id 00000000000000000000000000000000.
2021-12-10 17:10:32,221 INFO  org.apache.flink.runtime.jobmaster.JobMaster                 [] - Starting scheduling with scheduling strategy [org.apache.flink.runtime.scheduler.strategy.PipelinedRegionSchedulingStrategy]
2021-12-10 17:10:32,221 INFO  org.apache.flink.runtime.executiongraph.ExecutionGraph       [] - Job Dairy Pipeline (616ae6f801bee840f0392eeca48b3d54) switched from state CREATED to RUNNING.
2021-12-10 17:10:32,226 INFO  org.apache.flink.runtime.executiongraph.ExecutionGraph       [] - Source: Collection Source (1/1) (0440cf4a9a6e483e091d9244078cb7c9) switched from CREATED to SCHEDULED.
2021-12-10 17:10:32,227 INFO  org.apache.flink.runtime.executiongraph.ExecutionGraph       [] - filterModel (1/1) (853cce87b7e52f8d2f69591278e3f84a) switched from CREATED to SCHEDULED.
2021-12-10 17:10:32,227 INFO  org.apache.flink.runtime.executiongraph.ExecutionGraph       [] - BCSModel (1/1) (28c5d33aa84d03211198d15cfc63c574) switched from CREATED to SCHEDULED.
2021-12-10 17:10:32,227 INFO  org.apache.flink.runtime.executiongraph.ExecutionGraph       [] - Sink: Store to memory (1/1) (c8c722999266d5c49a64f927a3d038f0) switched from CREATED to SCHEDULED.
2021-12-10 17:10:32,239 INFO  org.apache.flink.runtime.jobmaster.JobMaster                 [] - Connecting to ResourceManager akka.tcp://flink@192.168.99.28:6123/user/rpc/resourcemanager_*(00000000000000000000000000000000)
2021-12-10 17:10:32,242 INFO  org.apache.flink.runtime.jobmaster.JobMaster                 [] - Resolved ResourceManager address, beginning registration
2021-12-10 17:10:32,244 INFO  org.apache.flink.runtime.resourcemanager.StandaloneResourceManager [] - Registering job manager 00000000000000000000000000000000@akka.tcp://flink@192.168.99.28:6123/user/rpc/jobmanager_2 for job 616ae6f801bee840f0392eeca48b3d54.
2021-12-10 17:10:32,248 INFO  org.apache.flink.runtime.resourcemanager.StandaloneResourceManager [] - Registered job manager 00000000000000000000000000000000@akka.tcp://flink@192.168.99.28:6123/user/rpc/jobmanager_2 for job 616ae6f801bee840f0392eeca48b3d54.
2021-12-10 17:10:32,250 INFO  org.apache.flink.runtime.jobmaster.JobMaster                 [] - JobManager successfully registered at ResourceManager, leader id: 00000000000000000000000000000000.
2021-12-10 17:10:32,257 INFO  org.apache.flink.runtime.resourcemanager.slotmanager.FineGrainedSlotManager [] - Received resource requirements from job 616ae6f801bee840f0392eeca48b3d54: [ResourceRequirement{resourceProfile=ResourceProfile{cpuCores=1, taskHeapMemory=1024.000mb (1073741824 bytes), taskOffHeapMemory=0 bytes, managedMemory=0 bytes, networkMemory=320.000kb (327680 bytes), src=1}, numberOfRequiredSlots=1}, ResourceRequirement{resourceProfile=ResourceProfile{cpuCores=1, taskHeapMemory=1024.000mb (1073741824 bytes), taskOffHeapMemory=0 bytes, managedMemory=0 bytes, networkMemory=640.000kb (655360 bytes), compute=1}, numberOfRequiredSlots=1}, ResourceRequirement{resourceProfile=ResourceProfile{cpuCores=1, taskHeapMemory=1024.000mb (1073741824 bytes), taskOffHeapMemory=0 bytes, managedMemory=0 bytes, networkMemory=320.000kb (327680 bytes), sink=1}, numberOfRequiredSlots=1}, ResourceRequirement{resourceProfile=ResourceProfile{cpuCores=1, taskHeapMemory=1024.000mb (1073741824 bytes), taskOffHeapMemory=0 bytes, managedMemory=0 bytes, networkMemory=640.000kb (655360 bytes), filter=1}, numberOfRequiredSlots=1}]
2021-12-10 17:10:32,323 INFO  org.apache.flink.runtime.resourcemanager.slotmanager.FineGrainedSlotManager [] - Matching resource requirements against available resources.
2021-12-10 17:10:32,329 INFO  org.apache.flink.runtime.resourcemanager.slotmanager.DefaultSlotStatusSyncer [] - Starting allocation of slot 8cddd724dce3f3c43ef47adfa4249b0f from 192.168.99.31:42291-1539d5 for job 616ae6f801bee840f0392eeca48b3d54 with resource profile ResourceProfile{cpuCores=1, taskHeapMemory=1024.000mb (1073741824 bytes), taskOffHeapMemory=0 bytes, managedMemory=0 bytes, networkMemory=320.000kb (327680 bytes), sink=1}.
2021-12-10 17:10:32,337 INFO  org.apache.flink.runtime.resourcemanager.slotmanager.DefaultSlotStatusSyncer [] - Starting allocation of slot 91a0c939591d7af173e76b173a18b5ff from 192.168.99.29:36579-dd9b60 for job 616ae6f801bee840f0392eeca48b3d54 with resource profile ResourceProfile{cpuCores=1, taskHeapMemory=1024.000mb (1073741824 bytes), taskOffHeapMemory=0 bytes, managedMemory=0 bytes, networkMemory=640.000kb (655360 bytes), filter=1}.
2021-12-10 17:10:32,338 INFO  org.apache.flink.runtime.resourcemanager.slotmanager.DefaultSlotStatusSyncer [] - Starting allocation of slot 421e0f7e9d7ee1369158a773554538b1 from 128.84.139.24:41649-a52b2e for job 616ae6f801bee840f0392eeca48b3d54 with resource profile ResourceProfile{cpuCores=1, taskHeapMemory=1024.000mb (1073741824 bytes), taskOffHeapMemory=0 bytes, managedMemory=0 bytes, networkMemory=320.000kb (327680 bytes), src=1}.
2021-12-10 17:10:32,339 INFO  org.apache.flink.runtime.resourcemanager.slotmanager.DefaultSlotStatusSyncer [] - Starting allocation of slot 76c991af5dbc1d244b84f3b0aa936f6e from 192.168.99.30:44477-204d14 for job 616ae6f801bee840f0392eeca48b3d54 with resource profile ResourceProfile{cpuCores=1, taskHeapMemory=1024.000mb (1073741824 bytes), taskOffHeapMemory=0 bytes, managedMemory=0 bytes, networkMemory=640.000kb (655360 bytes), compute=1}.
2021-12-10 17:10:32,420 INFO  org.apache.flink.runtime.executiongraph.ExecutionGraph       [] - Source: Collection Source (1/1) (0440cf4a9a6e483e091d9244078cb7c9) switched from SCHEDULED to DEPLOYING.
2021-12-10 17:10:32,421 INFO  org.apache.flink.runtime.executiongraph.ExecutionGraph       [] - Deploying Source: Collection Source (1/1) (attempt #0) with attempt id 0440cf4a9a6e483e091d9244078cb7c9 to 128.84.139.24:41649-a52b2e @ cis03012.fractus.cs.cornell.edu (dataPort=39499) with allocation id 421e0f7e9d7ee1369158a773554538b1
2021-12-10 17:10:32,425 INFO  org.apache.flink.runtime.executiongraph.ExecutionGraph       [] - filterModel (1/1) (853cce87b7e52f8d2f69591278e3f84a) switched from SCHEDULED to DEPLOYING.
2021-12-10 17:10:32,425 INFO  org.apache.flink.runtime.executiongraph.ExecutionGraph       [] - Deploying filterModel (1/1) (attempt #0) with attempt id 853cce87b7e52f8d2f69591278e3f84a to 192.168.99.29:36579-dd9b60 @ 192.168.99.29 (dataPort=39645) with allocation id 91a0c939591d7af173e76b173a18b5ff
2021-12-10 17:10:32,430 INFO  org.apache.flink.runtime.executiongraph.ExecutionGraph       [] - BCSModel (1/1) (28c5d33aa84d03211198d15cfc63c574) switched from SCHEDULED to DEPLOYING.
2021-12-10 17:10:32,431 INFO  org.apache.flink.runtime.executiongraph.ExecutionGraph       [] - Deploying BCSModel (1/1) (attempt #0) with attempt id 28c5d33aa84d03211198d15cfc63c574 to 192.168.99.30:44477-204d14 @ 192.168.99.30 (dataPort=35775) with allocation id 76c991af5dbc1d244b84f3b0aa936f6e
2021-12-10 17:10:32,432 INFO  org.apache.flink.runtime.executiongraph.ExecutionGraph       [] - Sink: Store to memory (1/1) (c8c722999266d5c49a64f927a3d038f0) switched from SCHEDULED to DEPLOYING.
2021-12-10 17:10:32,432 INFO  org.apache.flink.runtime.executiongraph.ExecutionGraph       [] - Deploying Sink: Store to memory (1/1) (attempt #0) with attempt id c8c722999266d5c49a64f927a3d038f0 to 192.168.99.31:42291-1539d5 @ 192.168.99.31 (dataPort=36929) with allocation id 8cddd724dce3f3c43ef47adfa4249b0f
2021-12-10 17:10:32,593 INFO  org.apache.flink.runtime.executiongraph.ExecutionGraph       [] - Sink: Store to memory (1/1) (c8c722999266d5c49a64f927a3d038f0) switched from DEPLOYING to INITIALIZING.
2021-12-10 17:10:32,594 INFO  org.apache.flink.runtime.executiongraph.ExecutionGraph       [] - Source: Collection Source (1/1) (0440cf4a9a6e483e091d9244078cb7c9) switched from DEPLOYING to INITIALIZING.
2021-12-10 17:10:32,595 INFO  org.apache.flink.runtime.executiongraph.ExecutionGraph       [] - BCSModel (1/1) (28c5d33aa84d03211198d15cfc63c574) switched from DEPLOYING to INITIALIZING.
2021-12-10 17:10:32,597 INFO  org.apache.flink.runtime.executiongraph.ExecutionGraph       [] - filterModel (1/1) (853cce87b7e52f8d2f69591278e3f84a) switched from DEPLOYING to INITIALIZING.
2021-12-10 17:10:32,653 INFO  org.apache.flink.runtime.executiongraph.ExecutionGraph       [] - Source: Collection Source (1/1) (0440cf4a9a6e483e091d9244078cb7c9) switched from INITIALIZING to RUNNING.
2021-12-10 17:10:32,678 INFO  org.apache.flink.runtime.executiongraph.ExecutionGraph       [] - Sink: Store to memory (1/1) (c8c722999266d5c49a64f927a3d038f0) switched from INITIALIZING to RUNNING.
2021-12-10 17:10:32,679 INFO  org.apache.flink.runtime.executiongraph.ExecutionGraph       [] - BCSModel (1/1) (28c5d33aa84d03211198d15cfc63c574) switched from INITIALIZING to RUNNING.
2021-12-10 17:10:32,685 INFO  org.apache.flink.runtime.executiongraph.ExecutionGraph       [] - filterModel (1/1) (853cce87b7e52f8d2f69591278e3f84a) switched from INITIALIZING to RUNNING.
2021-12-10 17:11:35,229 INFO  org.apache.flink.runtime.executiongraph.ExecutionGraph       [] - Source: Collection Source (1/1) (0440cf4a9a6e483e091d9244078cb7c9) switched from RUNNING to FINISHED.
2021-12-10 17:11:35,234 INFO  org.apache.flink.runtime.resourcemanager.slotmanager.FineGrainedSlotManager [] - Received resource requirements from job 616ae6f801bee840f0392eeca48b3d54: [ResourceRequirement{resourceProfile=ResourceProfile{cpuCores=1, taskHeapMemory=1024.000mb (1073741824 bytes), taskOffHeapMemory=0 bytes, managedMemory=0 bytes, networkMemory=640.000kb (655360 bytes), compute=1}, numberOfRequiredSlots=1}, ResourceRequirement{resourceProfile=ResourceProfile{cpuCores=1, taskHeapMemory=1024.000mb (1073741824 bytes), taskOffHeapMemory=0 bytes, managedMemory=0 bytes, networkMemory=320.000kb (327680 bytes), sink=1}, numberOfRequiredSlots=1}, ResourceRequirement{resourceProfile=ResourceProfile{cpuCores=1, taskHeapMemory=1024.000mb (1073741824 bytes), taskOffHeapMemory=0 bytes, managedMemory=0 bytes, networkMemory=640.000kb (655360 bytes), filter=1}, numberOfRequiredSlots=1}]
2021-12-10 17:11:35,283 INFO  org.apache.flink.runtime.executiongraph.ExecutionGraph       [] - filterModel (1/1) (853cce87b7e52f8d2f69591278e3f84a) switched from RUNNING to FINISHED.
2021-12-10 17:11:35,284 INFO  org.apache.flink.runtime.resourcemanager.slotmanager.FineGrainedSlotManager [] - Received resource requirements from job 616ae6f801bee840f0392eeca48b3d54: [ResourceRequirement{resourceProfile=ResourceProfile{cpuCores=1, taskHeapMemory=1024.000mb (1073741824 bytes), taskOffHeapMemory=0 bytes, managedMemory=0 bytes, networkMemory=640.000kb (655360 bytes), compute=1}, numberOfRequiredSlots=1}, ResourceRequirement{resourceProfile=ResourceProfile{cpuCores=1, taskHeapMemory=1024.000mb (1073741824 bytes), taskOffHeapMemory=0 bytes, managedMemory=0 bytes, networkMemory=320.000kb (327680 bytes), sink=1}, numberOfRequiredSlots=1}]
2021-12-10 17:11:35,319 INFO  org.apache.flink.runtime.executiongraph.ExecutionGraph       [] - BCSModel (1/1) (28c5d33aa84d03211198d15cfc63c574) switched from RUNNING to FINISHED.
2021-12-10 17:11:35,321 INFO  org.apache.flink.runtime.resourcemanager.slotmanager.FineGrainedSlotManager [] - Received resource requirements from job 616ae6f801bee840f0392eeca48b3d54: [ResourceRequirement{resourceProfile=ResourceProfile{cpuCores=1, taskHeapMemory=1024.000mb (1073741824 bytes), taskOffHeapMemory=0 bytes, managedMemory=0 bytes, networkMemory=320.000kb (327680 bytes), sink=1}, numberOfRequiredSlots=1}]
2021-12-10 17:11:35,338 INFO  org.apache.flink.runtime.executiongraph.ExecutionGraph       [] - Sink: Store to memory (1/1) (c8c722999266d5c49a64f927a3d038f0) switched from RUNNING to FINISHED.
2021-12-10 17:11:35,339 INFO  org.apache.flink.runtime.executiongraph.ExecutionGraph       [] - Job Dairy Pipeline (616ae6f801bee840f0392eeca48b3d54) switched from state RUNNING to FINISHED.
2021-12-10 17:11:35,339 INFO  org.apache.flink.runtime.checkpoint.CheckpointCoordinator    [] - Stopping checkpoint coordinator for job 616ae6f801bee840f0392eeca48b3d54.
2021-12-10 17:11:35,339 INFO  org.apache.flink.runtime.resourcemanager.slotmanager.FineGrainedSlotManager [] - Clearing resource requirements of job 616ae6f801bee840f0392eeca48b3d54
2021-12-10 17:11:35,345 INFO  org.apache.flink.runtime.dispatcher.StandaloneDispatcher     [] - Job 616ae6f801bee840f0392eeca48b3d54 reached terminal state FINISHED.
2021-12-10 17:11:35,365 INFO  org.apache.flink.runtime.jobmaster.JobMaster                 [] - Stopping the JobMaster for job 'Dairy Pipeline' (616ae6f801bee840f0392eeca48b3d54).
2021-12-10 17:11:35,369 INFO  org.apache.flink.runtime.checkpoint.StandaloneCompletedCheckpointStore [] - Shutting down
2021-12-10 17:11:35,370 INFO  org.apache.flink.runtime.jobmaster.slotpool.DefaultDeclarativeSlotPool [] - Releasing slot [91a0c939591d7af173e76b173a18b5ff].
2021-12-10 17:11:35,380 INFO  org.apache.flink.runtime.jobmaster.slotpool.DefaultDeclarativeSlotPool [] - Releasing slot [76c991af5dbc1d244b84f3b0aa936f6e].
2021-12-10 17:11:35,380 INFO  org.apache.flink.runtime.jobmaster.slotpool.DefaultDeclarativeSlotPool [] - Releasing slot [421e0f7e9d7ee1369158a773554538b1].
2021-12-10 17:11:35,381 INFO  org.apache.flink.runtime.jobmaster.slotpool.DefaultDeclarativeSlotPool [] - Releasing slot [8cddd724dce3f3c43ef47adfa4249b0f].
2021-12-10 17:11:35,381 INFO  org.apache.flink.runtime.jobmaster.JobMaster                 [] - Close ResourceManager connection 8184cdaa585c3f0780f04b0e70eef943: Stopping JobMaster for job 'Dairy Pipeline' (616ae6f801bee840f0392eeca48b3d54).
2021-12-10 17:11:35,382 INFO  org.apache.flink.runtime.resourcemanager.StandaloneResourceManager [] - Disconnect job manager 00000000000000000000000000000000@akka.tcp://flink@192.168.99.28:6123/user/rpc/jobmanager_2 for job 616ae6f801bee840f0392eeca48b3d54 from the resource manager.
2021-12-10 17:11:35,393 INFO  org.apache.flink.runtime.resourcemanager.slotmanager.DefaultSlotStatusSyncer [] - Freeing slot 91a0c939591d7af173e76b173a18b5ff.
2021-12-10 17:11:35,395 INFO  org.apache.flink.runtime.resourcemanager.slotmanager.DefaultSlotStatusSyncer [] - Freeing slot 8cddd724dce3f3c43ef47adfa4249b0f.
2021-12-10 17:11:35,395 INFO  org.apache.flink.runtime.resourcemanager.slotmanager.DefaultSlotStatusSyncer [] - Freeing slot 76c991af5dbc1d244b84f3b0aa936f6e.
2021-12-10 17:11:35,396 INFO  org.apache.flink.runtime.resourcemanager.slotmanager.DefaultSlotStatusSyncer [] - Freeing slot 421e0f7e9d7ee1369158a773554538b1.
